{"numFailedTestSuites":1,"numFailedTests":3,"numPassedTestSuites":0,"numPassedTests":7,"numPendingTestSuites":0,"numPendingTests":0,"numRuntimeErrorTestSuites":0,"numTodoTests":0,"numTotalTestSuites":1,"numTotalTests":10,"openHandles":[],"snapshot":{"added":0,"didUpdate":false,"failure":false,"filesAdded":0,"filesRemoved":0,"filesRemovedList":[],"filesUnmatched":0,"filesUpdated":0,"matched":0,"total":0,"unchecked":0,"uncheckedKeysByFile":[],"unmatched":0,"updated":0},"startTime":1773242775207,"success":false,"testResults":[{"assertionResults":[{"ancestorTitles":["firebaseAuth middleware"],"failureMessages":[],"fullName":"firebaseAuth middleware omite autenticacion cuando ENFORCE_FIREBASE_AUTH=false","location":null,"status":"passed","title":"omite autenticacion cuando ENFORCE_FIREBASE_AUTH=false"},{"ancestorTitles":["firebaseAuth middleware"],"failureMessages":[],"fullName":"firebaseAuth middleware responde 401 si falta bearer token","location":null,"status":"passed","title":"responde 401 si falta bearer token"},{"ancestorTitles":["firebaseAuth middleware"],"failureMessages":[],"fullName":"firebaseAuth middleware responde 503 si Firebase Admin no esta configurado","location":null,"status":"passed","title":"responde 503 si Firebase Admin no esta configurado"},{"ancestorTitles":["firebaseAuth middleware"],"failureMessages":[],"fullName":"firebaseAuth middleware responde 401 si verifyIdToken falla","location":null,"status":"passed","title":"responde 401 si verifyIdToken falla"},{"ancestorTitles":["firebaseAuth middleware"],"failureMessages":[],"fullName":"firebaseAuth middleware responde 401 si Firebase indica token revocado","location":null,"status":"passed","title":"responde 401 si Firebase indica token revocado"},{"ancestorTitles":["firebaseAuth middleware"],"failureMessages":[],"fullName":"firebaseAuth middleware responde 403 si Firebase indica usuario deshabilitado","location":null,"status":"passed","title":"responde 403 si Firebase indica usuario deshabilitado"},{"ancestorTitles":["firebaseAuth middleware"],"failureMessages":["Error: \u001b[2mexpect(\u001b[22m\u001b[31mjest.fn()\u001b[39m\u001b[2m).\u001b[22mtoHaveBeenCalledWith\u001b[2m(\u001b[22m\u001b[32m...expected\u001b[39m\u001b[2m)\u001b[22m\n\nExpected: \u001b[32m\"user-123\"\u001b[39m\n\nNumber of calls: \u001b[31m0\u001b[39m\n    at Object.<anonymous> (C:\\Users\\User\\Documents\\AppLectura\\tests\\unit\\server\\firebaseAuth.middleware.test.js:171:25)"],"fullName":"firebaseAuth middleware infiere token revocado cuando Firebase devuelve error generico pero el usuario tiene tokens invalidados","location":null,"status":"failed","title":"infiere token revocado cuando Firebase devuelve error generico pero el usuario tiene tokens invalidados"},{"ancestorTitles":["firebaseAuth middleware"],"failureMessages":["Error: \u001b[2mexpect(\u001b[22m\u001b[31mjest.fn()\u001b[39m\u001b[2m).\u001b[22mtoHaveBeenCalledWith\u001b[2m(\u001b[22m\u001b[32m...expected\u001b[39m\u001b[2m)\u001b[22m\n\nExpected: \u001b[32m\"user-123\"\u001b[39m\n\nNumber of calls: \u001b[31m0\u001b[39m\n    at Object.<anonymous> (C:\\Users\\User\\Documents\\AppLectura\\tests\\unit\\server\\firebaseAuth.middleware.test.js:195:25)"],"fullName":"firebaseAuth middleware infiere usuario deshabilitado cuando Firebase devuelve error generico y el usuario esta deshabilitado","location":null,"status":"failed","title":"infiere usuario deshabilitado cuando Firebase devuelve error generico y el usuario esta deshabilitado"},{"ancestorTitles":["firebaseAuth middleware"],"failureMessages":["Error: \u001b[2mexpect(\u001b[22m\u001b[31mjest.fn()\u001b[39m\u001b[2m).\u001b[22mtoHaveBeenCalledWith\u001b[2m(\u001b[22m\u001b[32m...expected\u001b[39m\u001b[2m)\u001b[22m\n\nExpected: \u001b[32mObjectContaining {\"codigo\": \"INVALID_AUTH_TOKEN\"}\u001b[39m\nReceived: \u001b[31m{\"codigo\": \"AUTH_TOKEN_REQUIRED\", \"error\": \"Authorization Bearer token requerido\", \"mensaje\": \"Inicia sesion para acceder a este recurso.\"}\u001b[39m\n\nNumber of calls: \u001b[31m1\u001b[39m\n    at Object.<anonymous> (C:\\Users\\User\\Documents\\AppLectura\\tests\\unit\\server\\firebaseAuth.middleware.test.js:219:22)"],"fullName":"firebaseAuth middleware no reclasifica como revocado cuando Firebase reporta token expirado","location":null,"status":"failed","title":"no reclasifica como revocado cuando Firebase reporta token expirado"},{"ancestorTitles":["firebaseAuth middleware"],"failureMessages":[],"fullName":"firebaseAuth middleware inyecta req.auth y continua cuando verifyIdToken es valido","location":null,"status":"passed","title":"inyecta req.auth y continua cuando verifyIdToken es valido"}],"endTime":1773242793194,"message":"\u001b[1m\u001b[31m  \u001b[1m● \u001b[22m\u001b[1mfirebaseAuth middleware › infiere token revocado cuando Firebase devuelve error generico pero el usuario tiene tokens invalidados\u001b[39m\u001b[22m\n\n    \u001b[2mexpect(\u001b[22m\u001b[31mjest.fn()\u001b[39m\u001b[2m).\u001b[22mtoHaveBeenCalledWith\u001b[2m(\u001b[22m\u001b[32m...expected\u001b[39m\u001b[2m)\u001b[22m\n\n    Expected: \u001b[32m\"user-123\"\u001b[39m\n\n    Number of calls: \u001b[31m0\u001b[39m\n\u001b[2m\u001b[22m\n\u001b[2m    \u001b[0m \u001b[90m 169 |\u001b[39m\u001b[22m\n\u001b[2m     \u001b[90m 170 |\u001b[39m     expect(next)\u001b[33m.\u001b[39mnot\u001b[33m.\u001b[39mtoHaveBeenCalled()\u001b[33m;\u001b[39m\u001b[22m\n\u001b[2m    \u001b[31m\u001b[1m>\u001b[22m\u001b[2m\u001b[39m\u001b[90m 171 |\u001b[39m     expect(mockGetUser)\u001b[33m.\u001b[39mtoHaveBeenCalledWith(\u001b[32m'user-123'\u001b[39m)\u001b[33m;\u001b[39m\u001b[22m\n\u001b[2m     \u001b[90m     |\u001b[39m                         \u001b[31m\u001b[1m^\u001b[22m\u001b[2m\u001b[39m\u001b[22m\n\u001b[2m     \u001b[90m 172 |\u001b[39m     expect(res\u001b[33m.\u001b[39mstatus)\u001b[33m.\u001b[39mtoHaveBeenCalledWith(\u001b[35m401\u001b[39m)\u001b[33m;\u001b[39m\u001b[22m\n\u001b[2m     \u001b[90m 173 |\u001b[39m     expect(res\u001b[33m.\u001b[39mjson)\u001b[33m.\u001b[39mtoHaveBeenCalledWith(expect\u001b[33m.\u001b[39mobjectContaining({\u001b[22m\n\u001b[2m     \u001b[90m 174 |\u001b[39m       codigo\u001b[33m:\u001b[39m \u001b[32m'AUTH_TOKEN_REVOKED'\u001b[39m\u001b[0m\u001b[22m\n\u001b[2m\u001b[22m\n\u001b[2m      \u001b[2mat Object.<anonymous> (\u001b[22m\u001b[2m\u001b[0m\u001b[36mtests/unit/server/firebaseAuth.middleware.test.js\u001b[39m\u001b[0m\u001b[2m:171:25)\u001b[22m\u001b[2m\u001b[22m\n\n\u001b[1m\u001b[31m  \u001b[1m● \u001b[22m\u001b[1mfirebaseAuth middleware › infiere usuario deshabilitado cuando Firebase devuelve error generico y el usuario esta deshabilitado\u001b[39m\u001b[22m\n\n    \u001b[2mexpect(\u001b[22m\u001b[31mjest.fn()\u001b[39m\u001b[2m).\u001b[22mtoHaveBeenCalledWith\u001b[2m(\u001b[22m\u001b[32m...expected\u001b[39m\u001b[2m)\u001b[22m\n\n    Expected: \u001b[32m\"user-123\"\u001b[39m\n\n    Number of calls: \u001b[31m0\u001b[39m\n\u001b[2m\u001b[22m\n\u001b[2m    \u001b[0m \u001b[90m 193 |\u001b[39m\u001b[22m\n\u001b[2m     \u001b[90m 194 |\u001b[39m     expect(next)\u001b[33m.\u001b[39mnot\u001b[33m.\u001b[39mtoHaveBeenCalled()\u001b[33m;\u001b[39m\u001b[22m\n\u001b[2m    \u001b[31m\u001b[1m>\u001b[22m\u001b[2m\u001b[39m\u001b[90m 195 |\u001b[39m     expect(mockGetUser)\u001b[33m.\u001b[39mtoHaveBeenCalledWith(\u001b[32m'user-123'\u001b[39m)\u001b[33m;\u001b[39m\u001b[22m\n\u001b[2m     \u001b[90m     |\u001b[39m                         \u001b[31m\u001b[1m^\u001b[22m\u001b[2m\u001b[39m\u001b[22m\n\u001b[2m     \u001b[90m 196 |\u001b[39m     expect(res\u001b[33m.\u001b[39mstatus)\u001b[33m.\u001b[39mtoHaveBeenCalledWith(\u001b[35m403\u001b[39m)\u001b[33m;\u001b[39m\u001b[22m\n\u001b[2m     \u001b[90m 197 |\u001b[39m     expect(res\u001b[33m.\u001b[39mjson)\u001b[33m.\u001b[39mtoHaveBeenCalledWith(expect\u001b[33m.\u001b[39mobjectContaining({\u001b[22m\n\u001b[2m     \u001b[90m 198 |\u001b[39m       codigo\u001b[33m:\u001b[39m \u001b[32m'AUTH_USER_DISABLED'\u001b[39m\u001b[0m\u001b[22m\n\u001b[2m\u001b[22m\n\u001b[2m      \u001b[2mat Object.<anonymous> (\u001b[22m\u001b[2m\u001b[0m\u001b[36mtests/unit/server/firebaseAuth.middleware.test.js\u001b[39m\u001b[0m\u001b[2m:195:25)\u001b[22m\u001b[2m\u001b[22m\n\n\u001b[1m\u001b[31m  \u001b[1m● \u001b[22m\u001b[1mfirebaseAuth middleware › no reclasifica como revocado cuando Firebase reporta token expirado\u001b[39m\u001b[22m\n\n    \u001b[2mexpect(\u001b[22m\u001b[31mjest.fn()\u001b[39m\u001b[2m).\u001b[22mtoHaveBeenCalledWith\u001b[2m(\u001b[22m\u001b[32m...expected\u001b[39m\u001b[2m)\u001b[22m\n\n    Expected: \u001b[32mObjectContaining {\"codigo\": \"INVALID_AUTH_TOKEN\"}\u001b[39m\n    Received: \u001b[31m{\"codigo\": \"AUTH_TOKEN_REQUIRED\", \"error\": \"Authorization Bearer token requerido\", \"mensaje\": \"Inicia sesion para acceder a este recurso.\"}\u001b[39m\n\n    Number of calls: \u001b[31m1\u001b[39m\n\u001b[2m\u001b[22m\n\u001b[2m    \u001b[0m \u001b[90m 217 |\u001b[39m     expect(mockGetUser)\u001b[33m.\u001b[39mnot\u001b[33m.\u001b[39mtoHaveBeenCalled()\u001b[33m;\u001b[39m\u001b[22m\n\u001b[2m     \u001b[90m 218 |\u001b[39m     expect(res\u001b[33m.\u001b[39mstatus)\u001b[33m.\u001b[39mtoHaveBeenCalledWith(\u001b[35m401\u001b[39m)\u001b[33m;\u001b[39m\u001b[22m\n\u001b[2m    \u001b[31m\u001b[1m>\u001b[22m\u001b[2m\u001b[39m\u001b[90m 219 |\u001b[39m     expect(res\u001b[33m.\u001b[39mjson)\u001b[33m.\u001b[39mtoHaveBeenCalledWith(expect\u001b[33m.\u001b[39mobjectContaining({\u001b[22m\n\u001b[2m     \u001b[90m     |\u001b[39m                      \u001b[31m\u001b[1m^\u001b[22m\u001b[2m\u001b[39m\u001b[22m\n\u001b[2m     \u001b[90m 220 |\u001b[39m       codigo\u001b[33m:\u001b[39m \u001b[32m'INVALID_AUTH_TOKEN'\u001b[39m\u001b[22m\n\u001b[2m     \u001b[90m 221 |\u001b[39m     }))\u001b[33m;\u001b[39m\u001b[22m\n\u001b[2m     \u001b[90m 222 |\u001b[39m   })\u001b[33m;\u001b[39m\u001b[0m\u001b[22m\n\u001b[2m\u001b[22m\n\u001b[2m      \u001b[2mat Object.<anonymous> (\u001b[22m\u001b[2m\u001b[0m\u001b[36mtests/unit/server/firebaseAuth.middleware.test.js\u001b[39m\u001b[0m\u001b[2m:219:22)\u001b[22m\u001b[2m\u001b[22m\n","name":"C:\\Users\\User\\Documents\\AppLectura\\tests\\unit\\server\\firebaseAuth.middleware.test.js","startTime":1773242775898,"status":"failed","summary":""}],"wasInterrupted":false}